12/Apr/2022:22:26:36 191 [Calculator.java] [INFO] Calculator [SUBTRACT] :0.0,2.0
12/Apr/2022:22:26:36 199 [Calculator.java] [INFO] Calculator [SUBTRACT RESULT] :-2.0
12/Apr/2022:22:26:36 200 [Calculator.java] [INFO] Calculator [SUBTRACT] :4.0,2.0
12/Apr/2022:22:26:36 200 [Calculator.java] [INFO] Calculator [SUBTRACT RESULT] :2.0
12/Apr/2022:22:26:36 201 [Calculator.java] [INFO] Calculator [SUBTRACT] :1.0,2.0
12/Apr/2022:22:26:36 201 [Calculator.java] [INFO] Calculator [SUBTRACT RESULT] :-1.0
12/Apr/2022:22:26:36 202 [Calculator.java] [INFO] Calculator [SUBTRACT] :9.0,0.0
12/Apr/2022:22:26:36 202 [Calculator.java] [INFO] Calculator [SUBTRACT RESULT] :9.0
12/Apr/2022:22:26:36 203 [Calculator.java] [INFO] Calculator [MULTIPLY] :1.0,2.0
12/Apr/2022:22:26:36 204 [Calculator.java] [INFO] Calculator [MULTIPLY RESULT] :2.0
12/Apr/2022:22:26:36 204 [Calculator.java] [INFO] Calculator [MULTIPLY] :0.0,2.0
12/Apr/2022:22:26:36 205 [Calculator.java] [INFO] Calculator [MULTIPLY RESULT] :0.0
12/Apr/2022:22:26:36 205 [Calculator.java] [INFO] Calculator [MULTIPLY] :4.0,2.0
12/Apr/2022:22:26:36 205 [Calculator.java] [INFO] Calculator [MULTIPLY RESULT] :8.0
12/Apr/2022:22:26:36 206 [Calculator.java] [INFO] Calculator [MULTIPLY] :4.0,9.0
12/Apr/2022:22:26:36 206 [Calculator.java] [INFO] Calculator [MULTIPLY RESULT] :36.0
12/Apr/2022:22:26:36 208 [Calculator.java] [INFO] Calculator [ADD] :0.0,2.0
12/Apr/2022:22:26:36 209 [Calculator.java] [INFO] Calculator [ADD RESULT] :2.0
12/Apr/2022:22:26:36 209 [Calculator.java] [INFO] Calculator [ADD] :4.0,2.0
12/Apr/2022:22:26:36 210 [Calculator.java] [INFO] Calculator [ADD RESULT] :6.0
12/Apr/2022:22:26:36 210 [Calculator.java] [INFO] Calculator [ADD] :1.0,2.0
12/Apr/2022:22:26:36 211 [Calculator.java] [INFO] Calculator [ADD RESULT] :3.0
12/Apr/2022:22:26:36 211 [Calculator.java] [INFO] Calculator [ADD] :4.0,9.0
12/Apr/2022:22:26:36 212 [Calculator.java] [INFO] Calculator [ADD RESULT] :13.0
12/Apr/2022:22:26:36 215 [Calculator.java] [INFO] Calculator [FACTORIAL] : 5.0
12/Apr/2022:22:26:36 215 [Calculator.java] [INFO] Calculator [RESULT FACTORIAL] : 120.0
12/Apr/2022:22:26:36 215 [Calculator.java] [INFO] Calculator [FACTORIAL] : 0.0
12/Apr/2022:22:26:36 216 [Calculator.java] [INFO] Calculator [RESULT FACTORIAL] : 1.0
12/Apr/2022:22:26:36 216 [Calculator.java] [INFO] Calculator [FACTORIAL] : -1.0
12/Apr/2022:22:26:36 216 [Calculator.java] [ERROR] Calculator [FACTORIAL EXCEPTION] - NEGATIVE BASE Factorial of negative number
12/Apr/2022:22:26:36 217 [Calculator.java] [INFO] Calculator [RESULT FACTORIAL] : NaN
12/Apr/2022:22:26:36 217 [Calculator.java] [INFO] Calculator [FACTORIAL] : 2.0
12/Apr/2022:22:26:36 217 [Calculator.java] [INFO] Calculator [RESULT FACTORIAL] : 2.0
12/Apr/2022:22:26:36 218 [Calculator.java] [INFO] Calculator [NATURAL LOG] : 4.0
12/Apr/2022:22:26:36 219 [Calculator.java] [INFO] Calculator [RESULT NATURAL LOGARITHM] : 1.3862943611198906
12/Apr/2022:22:26:36 219 [Calculator.java] [INFO] Calculator [NATURAL LOG] : 0.0
12/Apr/2022:22:26:36 219 [Calculator.java] [ERROR] Calculator [LOGARITHM EXCEPTION] - NON POSITIVE BASE Logarithm of non positive number
12/Apr/2022:22:26:36 220 [Calculator.java] [INFO] Calculator [RESULT NATURAL LOGARITHM] : NaN
12/Apr/2022:22:26:36 220 [Calculator.java] [INFO] Calculator [NATURAL LOG] : -1.0
12/Apr/2022:22:26:36 220 [Calculator.java] [ERROR] Calculator [LOGARITHM EXCEPTION] - NON POSITIVE BASE Logarithm of non positive number
12/Apr/2022:22:26:36 221 [Calculator.java] [INFO] Calculator [RESULT NATURAL LOGARITHM] : NaN
12/Apr/2022:22:26:36 221 [Calculator.java] [INFO] Calculator [SQUARE ROOT] : 1.7
12/Apr/2022:22:26:36 222 [Calculator.java] [INFO] Calculator [RESULT SQUARE ROOT] : 1.3038404810405297
12/Apr/2022:22:26:36 222 [Calculator.java] [INFO] Calculator [SQUARE ROOT] : 0.0
12/Apr/2022:22:26:36 222 [Calculator.java] [INFO] Calculator [RESULT SQUARE ROOT] : 0.0
12/Apr/2022:22:26:36 223 [Calculator.java] [INFO] Calculator [SQUARE ROOT] : -1.0
12/Apr/2022:22:26:36 223 [Calculator.java] [ERROR] Calculator [SQUARE ROOT EXCEPTION] - NEGATIVE BASE Square root of negative number
12/Apr/2022:22:26:36 223 [Calculator.java] [INFO] Calculator [RESULT SQUARE ROOT] : NaN
12/Apr/2022:22:26:36 224 [Calculator.java] [INFO] Calculator [SQUARE ROOT] : 5.0
12/Apr/2022:22:26:36 224 [Calculator.java] [INFO] Calculator [RESULT SQUARE ROOT] : 2.23606797749979
12/Apr/2022:22:26:36 225 [Calculator.java] [INFO] Calculator [POWER] :4.0,0.0
12/Apr/2022:22:26:36 225 [Calculator.java] [INFO] Calculator [POWER RESULT] :1.0
12/Apr/2022:22:26:36 225 [Calculator.java] [INFO] Calculator [POWER] :0.0,0.0
12/Apr/2022:22:26:36 226 [Calculator.java] [ERROR] Calculator [POWER EXCEPTION] - INDETERMINISTIC FORM Indeterministic form
12/Apr/2022:22:26:36 226 [Calculator.java] [INFO] Calculator [POWER RESULT] :NaN
12/Apr/2022:22:26:36 226 [Calculator.java] [INFO] Calculator [POWER] :-1.0,2.0
12/Apr/2022:22:26:36 226 [Calculator.java] [INFO] Calculator [POWER RESULT] :1.0
12/Apr/2022:22:26:36 227 [Calculator.java] [INFO] Calculator [POWER] :3.0,3.0
12/Apr/2022:22:26:36 227 [Calculator.java] [INFO] Calculator [POWER RESULT] :27.0
12/Apr/2022:22:26:36 228 [Calculator.java] [INFO] Calculator [POWER] :-2.0,3.0
12/Apr/2022:22:26:36 228 [Calculator.java] [INFO] Calculator [POWER RESULT] :-8.0
13/Apr/2022:00:30:48 755 [Calculator.java] [INFO] Calculator [SUBTRACT] :0.0,2.0
13/Apr/2022:00:30:48 759 [Calculator.java] [INFO] Calculator [SUBTRACT RESULT] :-2.0
13/Apr/2022:00:30:48 760 [Calculator.java] [INFO] Calculator [SUBTRACT] :4.0,2.0
13/Apr/2022:00:30:48 760 [Calculator.java] [INFO] Calculator [SUBTRACT RESULT] :2.0
13/Apr/2022:00:30:48 761 [Calculator.java] [INFO] Calculator [SUBTRACT] :1.0,2.0
13/Apr/2022:00:30:48 761 [Calculator.java] [INFO] Calculator [SUBTRACT RESULT] :-1.0
13/Apr/2022:00:30:48 761 [Calculator.java] [INFO] Calculator [SUBTRACT] :9.0,0.0
13/Apr/2022:00:30:48 762 [Calculator.java] [INFO] Calculator [SUBTRACT RESULT] :9.0
13/Apr/2022:00:30:48 763 [Calculator.java] [INFO] Calculator [MULTIPLY] :1.0,2.0
13/Apr/2022:00:30:48 763 [Calculator.java] [INFO] Calculator [MULTIPLY RESULT] :2.0
13/Apr/2022:00:30:48 763 [Calculator.java] [INFO] Calculator [MULTIPLY] :0.0,2.0
13/Apr/2022:00:30:48 764 [Calculator.java] [INFO] Calculator [MULTIPLY RESULT] :0.0
13/Apr/2022:00:30:48 764 [Calculator.java] [INFO] Calculator [MULTIPLY] :4.0,2.0
13/Apr/2022:00:30:48 764 [Calculator.java] [INFO] Calculator [MULTIPLY RESULT] :8.0
13/Apr/2022:00:30:48 765 [Calculator.java] [INFO] Calculator [MULTIPLY] :4.0,9.0
13/Apr/2022:00:30:48 765 [Calculator.java] [INFO] Calculator [MULTIPLY RESULT] :36.0
13/Apr/2022:00:30:48 765 [Calculator.java] [INFO] Calculator [ADD] :0.0,2.0
13/Apr/2022:00:30:48 766 [Calculator.java] [INFO] Calculator [ADD RESULT] :2.0
13/Apr/2022:00:30:48 766 [Calculator.java] [INFO] Calculator [ADD] :4.0,2.0
13/Apr/2022:00:30:48 766 [Calculator.java] [INFO] Calculator [ADD RESULT] :6.0
13/Apr/2022:00:30:48 767 [Calculator.java] [INFO] Calculator [ADD] :1.0,2.0
13/Apr/2022:00:30:48 767 [Calculator.java] [INFO] Calculator [ADD RESULT] :3.0
13/Apr/2022:00:30:48 767 [Calculator.java] [INFO] Calculator [ADD] :4.0,9.0
13/Apr/2022:00:30:48 767 [Calculator.java] [INFO] Calculator [ADD RESULT] :13.0
13/Apr/2022:00:30:48 770 [Calculator.java] [INFO] Calculator [FACTORIAL] : 5.0
13/Apr/2022:00:30:48 770 [Calculator.java] [INFO] Calculator [RESULT FACTORIAL] : 120.0
13/Apr/2022:00:30:48 770 [Calculator.java] [INFO] Calculator [FACTORIAL] : 0.0
13/Apr/2022:00:30:48 770 [Calculator.java] [INFO] Calculator [RESULT FACTORIAL] : 1.0
13/Apr/2022:00:30:48 771 [Calculator.java] [INFO] Calculator [FACTORIAL] : -1.0
13/Apr/2022:00:30:48 771 [Calculator.java] [ERROR] Calculator [FACTORIAL EXCEPTION] - NEGATIVE BASE Factorial of negative number
13/Apr/2022:00:30:48 771 [Calculator.java] [INFO] Calculator [RESULT FACTORIAL] : NaN
13/Apr/2022:00:30:48 771 [Calculator.java] [INFO] Calculator [FACTORIAL] : 2.0
13/Apr/2022:00:30:48 771 [Calculator.java] [INFO] Calculator [RESULT FACTORIAL] : 2.0
13/Apr/2022:00:30:48 772 [Calculator.java] [INFO] Calculator [NATURAL LOG] : 4.0
13/Apr/2022:00:30:48 772 [Calculator.java] [INFO] Calculator [RESULT NATURAL LOGARITHM] : 1.3862943611198906
13/Apr/2022:00:30:48 772 [Calculator.java] [INFO] Calculator [NATURAL LOG] : 0.0
13/Apr/2022:00:30:48 773 [Calculator.java] [ERROR] Calculator [LOGARITHM EXCEPTION] - NON POSITIVE BASE Logarithm of non positive number
13/Apr/2022:00:30:48 773 [Calculator.java] [INFO] Calculator [RESULT NATURAL LOGARITHM] : NaN
13/Apr/2022:00:30:48 773 [Calculator.java] [INFO] Calculator [NATURAL LOG] : -1.0
13/Apr/2022:00:30:48 773 [Calculator.java] [ERROR] Calculator [LOGARITHM EXCEPTION] - NON POSITIVE BASE Logarithm of non positive number
13/Apr/2022:00:30:48 773 [Calculator.java] [INFO] Calculator [RESULT NATURAL LOGARITHM] : NaN
13/Apr/2022:00:30:48 774 [Calculator.java] [INFO] Calculator [SQUARE ROOT] : 1.7
13/Apr/2022:00:30:48 774 [Calculator.java] [INFO] Calculator [RESULT SQUARE ROOT] : 1.3038404810405297
13/Apr/2022:00:30:48 775 [Calculator.java] [INFO] Calculator [SQUARE ROOT] : 0.0
13/Apr/2022:00:30:48 775 [Calculator.java] [INFO] Calculator [RESULT SQUARE ROOT] : 0.0
13/Apr/2022:00:30:48 775 [Calculator.java] [INFO] Calculator [SQUARE ROOT] : -1.0
13/Apr/2022:00:30:48 775 [Calculator.java] [ERROR] Calculator [SQUARE ROOT EXCEPTION] - NEGATIVE BASE Square root of negative number
13/Apr/2022:00:30:48 775 [Calculator.java] [INFO] Calculator [RESULT SQUARE ROOT] : NaN
13/Apr/2022:00:30:48 776 [Calculator.java] [INFO] Calculator [SQUARE ROOT] : 5.0
13/Apr/2022:00:30:48 776 [Calculator.java] [INFO] Calculator [RESULT SQUARE ROOT] : 2.23606797749979
13/Apr/2022:00:30:48 776 [Calculator.java] [INFO] Calculator [POWER] :4.0,0.0
13/Apr/2022:00:30:48 777 [Calculator.java] [INFO] Calculator [POWER RESULT] :1.0
13/Apr/2022:00:30:48 777 [Calculator.java] [INFO] Calculator [POWER] :0.0,0.0
13/Apr/2022:00:30:48 777 [Calculator.java] [ERROR] Calculator [POWER EXCEPTION] - INDETERMINISTIC FORM Indeterministic form
13/Apr/2022:00:30:48 777 [Calculator.java] [INFO] Calculator [POWER RESULT] :NaN
13/Apr/2022:00:30:48 777 [Calculator.java] [INFO] Calculator [POWER] :-1.0,2.0
13/Apr/2022:00:30:48 777 [Calculator.java] [INFO] Calculator [POWER RESULT] :1.0
13/Apr/2022:00:30:48 778 [Calculator.java] [INFO] Calculator [POWER] :3.0,3.0
13/Apr/2022:00:30:48 778 [Calculator.java] [INFO] Calculator [POWER RESULT] :27.0
13/Apr/2022:00:30:48 778 [Calculator.java] [INFO] Calculator [POWER] :-2.0,3.0
13/Apr/2022:00:30:48 778 [Calculator.java] [INFO] Calculator [POWER RESULT] :-8.0
13/Apr/2022:13:25:06 344 [Calculator.java] [INFO] Calculator [SUBTRACT] :0.0,2.0
13/Apr/2022:13:25:06 348 [Calculator.java] [INFO] Calculator [SUBTRACT RESULT] :-2.0
13/Apr/2022:13:25:06 349 [Calculator.java] [INFO] Calculator [SUBTRACT] :4.0,2.0
13/Apr/2022:13:25:06 349 [Calculator.java] [INFO] Calculator [SUBTRACT RESULT] :2.0
13/Apr/2022:13:25:06 350 [Calculator.java] [INFO] Calculator [SUBTRACT] :1.0,2.0
13/Apr/2022:13:25:06 350 [Calculator.java] [INFO] Calculator [SUBTRACT RESULT] :-1.0
13/Apr/2022:13:25:06 350 [Calculator.java] [INFO] Calculator [SUBTRACT] :9.0,0.0
13/Apr/2022:13:25:06 351 [Calculator.java] [INFO] Calculator [SUBTRACT RESULT] :9.0
13/Apr/2022:13:25:06 352 [Calculator.java] [INFO] Calculator [MULTIPLY] :1.0,2.0
13/Apr/2022:13:25:06 352 [Calculator.java] [INFO] Calculator [MULTIPLY RESULT] :2.0
13/Apr/2022:13:25:06 353 [Calculator.java] [INFO] Calculator [MULTIPLY] :0.0,2.0
13/Apr/2022:13:25:06 353 [Calculator.java] [INFO] Calculator [MULTIPLY RESULT] :0.0
13/Apr/2022:13:25:06 354 [Calculator.java] [INFO] Calculator [MULTIPLY] :4.0,2.0
13/Apr/2022:13:25:06 354 [Calculator.java] [INFO] Calculator [MULTIPLY RESULT] :8.0
13/Apr/2022:13:25:06 354 [Calculator.java] [INFO] Calculator [MULTIPLY] :4.0,9.0
13/Apr/2022:13:25:06 355 [Calculator.java] [INFO] Calculator [MULTIPLY RESULT] :36.0
13/Apr/2022:13:25:06 355 [Calculator.java] [INFO] Calculator [ADD] :0.0,2.0
13/Apr/2022:13:25:06 356 [Calculator.java] [INFO] Calculator [ADD RESULT] :2.0
13/Apr/2022:13:25:06 356 [Calculator.java] [INFO] Calculator [ADD] :4.0,2.0
13/Apr/2022:13:25:06 356 [Calculator.java] [INFO] Calculator [ADD RESULT] :6.0
13/Apr/2022:13:25:06 357 [Calculator.java] [INFO] Calculator [ADD] :1.0,2.0
13/Apr/2022:13:25:06 357 [Calculator.java] [INFO] Calculator [ADD RESULT] :3.0
13/Apr/2022:13:25:06 357 [Calculator.java] [INFO] Calculator [ADD] :4.0,9.0
13/Apr/2022:13:25:06 357 [Calculator.java] [INFO] Calculator [ADD RESULT] :13.0
13/Apr/2022:13:25:06 360 [Calculator.java] [INFO] Calculator [FACTORIAL] : 5.0
13/Apr/2022:13:25:06 361 [Calculator.java] [INFO] Calculator [RESULT FACTORIAL] : 120.0
13/Apr/2022:13:25:06 361 [Calculator.java] [INFO] Calculator [FACTORIAL] : 0.0
13/Apr/2022:13:25:06 361 [Calculator.java] [INFO] Calculator [RESULT FACTORIAL] : 1.0
13/Apr/2022:13:25:06 362 [Calculator.java] [INFO] Calculator [FACTORIAL] : -1.0
13/Apr/2022:13:25:06 362 [Calculator.java] [ERROR] Calculator [FACTORIAL EXCEPTION] - NEGATIVE BASE Factorial of negative number
13/Apr/2022:13:25:06 363 [Calculator.java] [INFO] Calculator [RESULT FACTORIAL] : NaN
13/Apr/2022:13:25:06 363 [Calculator.java] [INFO] Calculator [FACTORIAL] : 2.0
13/Apr/2022:13:25:06 364 [Calculator.java] [INFO] Calculator [RESULT FACTORIAL] : 2.0
13/Apr/2022:13:25:06 364 [Calculator.java] [INFO] Calculator [NATURAL LOG] : 4.0
13/Apr/2022:13:25:06 365 [Calculator.java] [INFO] Calculator [RESULT NATURAL LOGARITHM] : 1.3862943611198906
13/Apr/2022:13:25:06 365 [Calculator.java] [INFO] Calculator [NATURAL LOG] : 0.0
13/Apr/2022:13:25:06 365 [Calculator.java] [ERROR] Calculator [LOGARITHM EXCEPTION] - NON POSITIVE BASE Logarithm of non positive number
13/Apr/2022:13:25:06 366 [Calculator.java] [INFO] Calculator [RESULT NATURAL LOGARITHM] : NaN
13/Apr/2022:13:25:06 366 [Calculator.java] [INFO] Calculator [NATURAL LOG] : -1.0
13/Apr/2022:13:25:06 366 [Calculator.java] [ERROR] Calculator [LOGARITHM EXCEPTION] - NON POSITIVE BASE Logarithm of non positive number
13/Apr/2022:13:25:06 366 [Calculator.java] [INFO] Calculator [RESULT NATURAL LOGARITHM] : NaN
13/Apr/2022:13:25:06 367 [Calculator.java] [INFO] Calculator [SQUARE ROOT] : 1.7
13/Apr/2022:13:25:06 368 [Calculator.java] [INFO] Calculator [RESULT SQUARE ROOT] : 1.3038404810405297
13/Apr/2022:13:25:06 368 [Calculator.java] [INFO] Calculator [SQUARE ROOT] : 0.0
13/Apr/2022:13:25:06 368 [Calculator.java] [INFO] Calculator [RESULT SQUARE ROOT] : 0.0
13/Apr/2022:13:25:06 368 [Calculator.java] [INFO] Calculator [SQUARE ROOT] : -1.0
13/Apr/2022:13:25:06 369 [Calculator.java] [ERROR] Calculator [SQUARE ROOT EXCEPTION] - NEGATIVE BASE Square root of negative number
13/Apr/2022:13:25:06 369 [Calculator.java] [INFO] Calculator [RESULT SQUARE ROOT] : NaN
13/Apr/2022:13:25:06 369 [Calculator.java] [INFO] Calculator [SQUARE ROOT] : 5.0
13/Apr/2022:13:25:06 370 [Calculator.java] [INFO] Calculator [RESULT SQUARE ROOT] : 2.23606797749979
13/Apr/2022:13:25:06 370 [Calculator.java] [INFO] Calculator [POWER] :4.0,0.0
13/Apr/2022:13:25:06 371 [Calculator.java] [INFO] Calculator [POWER RESULT] :1.0
13/Apr/2022:13:25:06 371 [Calculator.java] [INFO] Calculator [POWER] :0.0,0.0
13/Apr/2022:13:25:06 371 [Calculator.java] [ERROR] Calculator [POWER EXCEPTION] - INDETERMINISTIC FORM Indeterministic form
13/Apr/2022:13:25:06 371 [Calculator.java] [INFO] Calculator [POWER RESULT] :NaN
13/Apr/2022:13:25:06 371 [Calculator.java] [INFO] Calculator [POWER] :-1.0,2.0
13/Apr/2022:13:25:06 372 [Calculator.java] [INFO] Calculator [POWER RESULT] :1.0
13/Apr/2022:13:25:06 372 [Calculator.java] [INFO] Calculator [POWER] :3.0,3.0
13/Apr/2022:13:25:06 372 [Calculator.java] [INFO] Calculator [POWER RESULT] :27.0
13/Apr/2022:13:25:06 372 [Calculator.java] [INFO] Calculator [POWER] :-2.0,3.0
13/Apr/2022:13:25:06 372 [Calculator.java] [INFO] Calculator [POWER RESULT] :-8.0
13/Apr/2022:13:25:12 981 [Calculator.java] [INFO] Calculator [SUBTRACT] :0.0,2.0
13/Apr/2022:13:25:12 986 [Calculator.java] [INFO] Calculator [SUBTRACT RESULT] :-2.0
13/Apr/2022:13:25:12 987 [Calculator.java] [INFO] Calculator [SUBTRACT] :4.0,2.0
13/Apr/2022:13:25:12 987 [Calculator.java] [INFO] Calculator [SUBTRACT RESULT] :2.0
13/Apr/2022:13:25:12 988 [Calculator.java] [INFO] Calculator [SUBTRACT] :1.0,2.0
13/Apr/2022:13:25:12 988 [Calculator.java] [INFO] Calculator [SUBTRACT RESULT] :-1.0
13/Apr/2022:13:25:12 989 [Calculator.java] [INFO] Calculator [SUBTRACT] :9.0,0.0
13/Apr/2022:13:25:12 989 [Calculator.java] [INFO] Calculator [SUBTRACT RESULT] :9.0
13/Apr/2022:13:25:12 990 [Calculator.java] [INFO] Calculator [MULTIPLY] :1.0,2.0
13/Apr/2022:13:25:12 991 [Calculator.java] [INFO] Calculator [MULTIPLY RESULT] :2.0
13/Apr/2022:13:25:12 991 [Calculator.java] [INFO] Calculator [MULTIPLY] :0.0,2.0
13/Apr/2022:13:25:12 992 [Calculator.java] [INFO] Calculator [MULTIPLY RESULT] :0.0
13/Apr/2022:13:25:12 992 [Calculator.java] [INFO] Calculator [MULTIPLY] :4.0,2.0
13/Apr/2022:13:25:12 992 [Calculator.java] [INFO] Calculator [MULTIPLY RESULT] :8.0
13/Apr/2022:13:25:12 993 [Calculator.java] [INFO] Calculator [MULTIPLY] :4.0,9.0
13/Apr/2022:13:25:12 993 [Calculator.java] [INFO] Calculator [MULTIPLY RESULT] :36.0
13/Apr/2022:13:25:12 994 [Calculator.java] [INFO] Calculator [ADD] :0.0,2.0
13/Apr/2022:13:25:12 994 [Calculator.java] [INFO] Calculator [ADD RESULT] :2.0
13/Apr/2022:13:25:12 994 [Calculator.java] [INFO] Calculator [ADD] :4.0,2.0
13/Apr/2022:13:25:12 995 [Calculator.java] [INFO] Calculator [ADD RESULT] :6.0
13/Apr/2022:13:25:12 995 [Calculator.java] [INFO] Calculator [ADD] :1.0,2.0
13/Apr/2022:13:25:12 995 [Calculator.java] [INFO] Calculator [ADD RESULT] :3.0
13/Apr/2022:13:25:12 996 [Calculator.java] [INFO] Calculator [ADD] :4.0,9.0
13/Apr/2022:13:25:12 996 [Calculator.java] [INFO] Calculator [ADD RESULT] :13.0
13/Apr/2022:13:25:12 999 [Calculator.java] [INFO] Calculator [FACTORIAL] : 5.0
13/Apr/2022:13:25:13 000 [Calculator.java] [INFO] Calculator [RESULT FACTORIAL] : 120.0
13/Apr/2022:13:25:13 000 [Calculator.java] [INFO] Calculator [FACTORIAL] : 0.0
13/Apr/2022:13:25:13 001 [Calculator.java] [INFO] Calculator [RESULT FACTORIAL] : 1.0
13/Apr/2022:13:25:13 001 [Calculator.java] [INFO] Calculator [FACTORIAL] : -1.0
13/Apr/2022:13:25:13 001 [Calculator.java] [ERROR] Calculator [FACTORIAL EXCEPTION] - NEGATIVE BASE Factorial of negative number
13/Apr/2022:13:25:13 002 [Calculator.java] [INFO] Calculator [RESULT FACTORIAL] : NaN
13/Apr/2022:13:25:13 002 [Calculator.java] [INFO] Calculator [FACTORIAL] : 2.0
13/Apr/2022:13:25:13 002 [Calculator.java] [INFO] Calculator [RESULT FACTORIAL] : 2.0
13/Apr/2022:13:25:13 003 [Calculator.java] [INFO] Calculator [NATURAL LOG] : 4.0
13/Apr/2022:13:25:13 003 [Calculator.java] [INFO] Calculator [RESULT NATURAL LOGARITHM] : 1.3862943611198906
13/Apr/2022:13:25:13 004 [Calculator.java] [INFO] Calculator [NATURAL LOG] : 0.0
13/Apr/2022:13:25:13 004 [Calculator.java] [ERROR] Calculator [LOGARITHM EXCEPTION] - NON POSITIVE BASE Logarithm of non positive number
13/Apr/2022:13:25:13 004 [Calculator.java] [INFO] Calculator [RESULT NATURAL LOGARITHM] : NaN
13/Apr/2022:13:25:13 004 [Calculator.java] [INFO] Calculator [NATURAL LOG] : -1.0
13/Apr/2022:13:25:13 005 [Calculator.java] [ERROR] Calculator [LOGARITHM EXCEPTION] - NON POSITIVE BASE Logarithm of non positive number
13/Apr/2022:13:25:13 005 [Calculator.java] [INFO] Calculator [RESULT NATURAL LOGARITHM] : NaN
13/Apr/2022:13:25:13 006 [Calculator.java] [INFO] Calculator [SQUARE ROOT] : 1.7
13/Apr/2022:13:25:13 006 [Calculator.java] [INFO] Calculator [RESULT SQUARE ROOT] : 1.3038404810405297
13/Apr/2022:13:25:13 006 [Calculator.java] [INFO] Calculator [SQUARE ROOT] : 0.0
13/Apr/2022:13:25:13 007 [Calculator.java] [INFO] Calculator [RESULT SQUARE ROOT] : 0.0
13/Apr/2022:13:25:13 007 [Calculator.java] [INFO] Calculator [SQUARE ROOT] : -1.0
13/Apr/2022:13:25:13 007 [Calculator.java] [ERROR] Calculator [SQUARE ROOT EXCEPTION] - NEGATIVE BASE Square root of negative number
13/Apr/2022:13:25:13 007 [Calculator.java] [INFO] Calculator [RESULT SQUARE ROOT] : NaN
13/Apr/2022:13:25:13 008 [Calculator.java] [INFO] Calculator [SQUARE ROOT] : 5.0
13/Apr/2022:13:25:13 008 [Calculator.java] [INFO] Calculator [RESULT SQUARE ROOT] : 2.23606797749979
13/Apr/2022:13:25:13 008 [Calculator.java] [INFO] Calculator [POWER] :4.0,0.0
13/Apr/2022:13:25:13 009 [Calculator.java] [INFO] Calculator [POWER RESULT] :1.0
13/Apr/2022:13:25:13 009 [Calculator.java] [INFO] Calculator [POWER] :0.0,0.0
13/Apr/2022:13:25:13 009 [Calculator.java] [ERROR] Calculator [POWER EXCEPTION] - INDETERMINISTIC FORM Indeterministic form
13/Apr/2022:13:25:13 010 [Calculator.java] [INFO] Calculator [POWER RESULT] :NaN
13/Apr/2022:13:25:13 010 [Calculator.java] [INFO] Calculator [POWER] :-1.0,2.0
13/Apr/2022:13:25:13 010 [Calculator.java] [INFO] Calculator [POWER RESULT] :1.0
13/Apr/2022:13:25:13 010 [Calculator.java] [INFO] Calculator [POWER] :3.0,3.0
13/Apr/2022:13:25:13 011 [Calculator.java] [INFO] Calculator [POWER RESULT] :27.0
13/Apr/2022:13:25:13 011 [Calculator.java] [INFO] Calculator [POWER] :-2.0,3.0
13/Apr/2022:13:25:13 011 [Calculator.java] [INFO] Calculator [POWER RESULT] :-8.0
13/Apr/2022:13:25:33 202 [Calculator.java] [INFO] Calculator [SUBTRACT] :0.0,2.0
13/Apr/2022:13:25:33 206 [Calculator.java] [INFO] Calculator [SUBTRACT RESULT] :-2.0
13/Apr/2022:13:25:33 207 [Calculator.java] [INFO] Calculator [SUBTRACT] :4.0,2.0
13/Apr/2022:13:25:33 207 [Calculator.java] [INFO] Calculator [SUBTRACT RESULT] :2.0
13/Apr/2022:13:25:33 208 [Calculator.java] [INFO] Calculator [SUBTRACT] :1.0,2.0
13/Apr/2022:13:25:33 208 [Calculator.java] [INFO] Calculator [SUBTRACT RESULT] :-1.0
13/Apr/2022:13:25:33 209 [Calculator.java] [INFO] Calculator [SUBTRACT] :9.0,0.0
13/Apr/2022:13:25:33 209 [Calculator.java] [INFO] Calculator [SUBTRACT RESULT] :9.0
13/Apr/2022:13:25:33 210 [Calculator.java] [INFO] Calculator [MULTIPLY] :1.0,2.0
13/Apr/2022:13:25:33 211 [Calculator.java] [INFO] Calculator [MULTIPLY RESULT] :2.0
13/Apr/2022:13:25:33 211 [Calculator.java] [INFO] Calculator [MULTIPLY] :0.0,2.0
13/Apr/2022:13:25:33 212 [Calculator.java] [INFO] Calculator [MULTIPLY RESULT] :0.0
13/Apr/2022:13:25:33 212 [Calculator.java] [INFO] Calculator [MULTIPLY] :4.0,2.0
13/Apr/2022:13:25:33 212 [Calculator.java] [INFO] Calculator [MULTIPLY RESULT] :8.0
13/Apr/2022:13:25:33 213 [Calculator.java] [INFO] Calculator [MULTIPLY] :4.0,9.0
13/Apr/2022:13:25:33 213 [Calculator.java] [INFO] Calculator [MULTIPLY RESULT] :36.0
13/Apr/2022:13:25:33 214 [Calculator.java] [INFO] Calculator [ADD] :0.0,2.0
13/Apr/2022:13:25:33 214 [Calculator.java] [INFO] Calculator [ADD RESULT] :2.0
13/Apr/2022:13:25:33 214 [Calculator.java] [INFO] Calculator [ADD] :4.0,2.0
13/Apr/2022:13:25:33 215 [Calculator.java] [INFO] Calculator [ADD RESULT] :6.0
13/Apr/2022:13:25:33 215 [Calculator.java] [INFO] Calculator [ADD] :1.0,2.0
13/Apr/2022:13:25:33 215 [Calculator.java] [INFO] Calculator [ADD RESULT] :3.0
13/Apr/2022:13:25:33 216 [Calculator.java] [INFO] Calculator [ADD] :4.0,9.0
13/Apr/2022:13:25:33 216 [Calculator.java] [INFO] Calculator [ADD RESULT] :13.0
13/Apr/2022:13:25:33 219 [Calculator.java] [INFO] Calculator [FACTORIAL] : 5.0
13/Apr/2022:13:25:33 221 [Calculator.java] [INFO] Calculator [RESULT FACTORIAL] : 120.0
13/Apr/2022:13:25:33 222 [Calculator.java] [INFO] Calculator [FACTORIAL] : 0.0
13/Apr/2022:13:25:33 222 [Calculator.java] [INFO] Calculator [RESULT FACTORIAL] : 1.0
13/Apr/2022:13:25:33 223 [Calculator.java] [INFO] Calculator [FACTORIAL] : -1.0
13/Apr/2022:13:25:33 223 [Calculator.java] [ERROR] Calculator [FACTORIAL EXCEPTION] - NEGATIVE BASE Factorial of negative number
13/Apr/2022:13:25:33 223 [Calculator.java] [INFO] Calculator [RESULT FACTORIAL] : NaN
13/Apr/2022:13:25:33 224 [Calculator.java] [INFO] Calculator [FACTORIAL] : 2.0
13/Apr/2022:13:25:33 224 [Calculator.java] [INFO] Calculator [RESULT FACTORIAL] : 2.0
13/Apr/2022:13:25:33 225 [Calculator.java] [INFO] Calculator [NATURAL LOG] : 4.0
13/Apr/2022:13:25:33 226 [Calculator.java] [INFO] Calculator [RESULT NATURAL LOGARITHM] : 1.3862943611198906
13/Apr/2022:13:25:33 226 [Calculator.java] [INFO] Calculator [NATURAL LOG] : 0.0
13/Apr/2022:13:25:33 227 [Calculator.java] [ERROR] Calculator [LOGARITHM EXCEPTION] - NON POSITIVE BASE Logarithm of non positive number
13/Apr/2022:13:25:33 227 [Calculator.java] [INFO] Calculator [RESULT NATURAL LOGARITHM] : NaN
13/Apr/2022:13:25:33 227 [Calculator.java] [INFO] Calculator [NATURAL LOG] : -1.0
13/Apr/2022:13:25:33 227 [Calculator.java] [ERROR] Calculator [LOGARITHM EXCEPTION] - NON POSITIVE BASE Logarithm of non positive number
13/Apr/2022:13:25:33 228 [Calculator.java] [INFO] Calculator [RESULT NATURAL LOGARITHM] : NaN
13/Apr/2022:13:25:33 228 [Calculator.java] [INFO] Calculator [SQUARE ROOT] : 1.7
13/Apr/2022:13:25:33 229 [Calculator.java] [INFO] Calculator [RESULT SQUARE ROOT] : 1.3038404810405297
13/Apr/2022:13:25:33 229 [Calculator.java] [INFO] Calculator [SQUARE ROOT] : 0.0
13/Apr/2022:13:25:33 229 [Calculator.java] [INFO] Calculator [RESULT SQUARE ROOT] : 0.0
13/Apr/2022:13:25:33 229 [Calculator.java] [INFO] Calculator [SQUARE ROOT] : -1.0
13/Apr/2022:13:25:33 230 [Calculator.java] [ERROR] Calculator [SQUARE ROOT EXCEPTION] - NEGATIVE BASE Square root of negative number
13/Apr/2022:13:25:33 230 [Calculator.java] [INFO] Calculator [RESULT SQUARE ROOT] : NaN
13/Apr/2022:13:25:33 230 [Calculator.java] [INFO] Calculator [SQUARE ROOT] : 5.0
13/Apr/2022:13:25:33 231 [Calculator.java] [INFO] Calculator [RESULT SQUARE ROOT] : 2.23606797749979
13/Apr/2022:13:25:33 231 [Calculator.java] [INFO] Calculator [POWER] :4.0,0.0
13/Apr/2022:13:25:33 232 [Calculator.java] [INFO] Calculator [POWER RESULT] :1.0
13/Apr/2022:13:25:33 232 [Calculator.java] [INFO] Calculator [POWER] :0.0,0.0
13/Apr/2022:13:25:33 232 [Calculator.java] [ERROR] Calculator [POWER EXCEPTION] - INDETERMINISTIC FORM Indeterministic form
13/Apr/2022:13:25:33 232 [Calculator.java] [INFO] Calculator [POWER RESULT] :NaN
13/Apr/2022:13:25:33 233 [Calculator.java] [INFO] Calculator [POWER] :-1.0,2.0
13/Apr/2022:13:25:33 233 [Calculator.java] [INFO] Calculator [POWER RESULT] :1.0
13/Apr/2022:13:25:33 233 [Calculator.java] [INFO] Calculator [POWER] :3.0,3.0
13/Apr/2022:13:25:33 234 [Calculator.java] [INFO] Calculator [POWER RESULT] :27.0
13/Apr/2022:13:25:33 234 [Calculator.java] [INFO] Calculator [POWER] :-2.0,3.0
13/Apr/2022:13:25:33 234 [Calculator.java] [INFO] Calculator [POWER RESULT] :-8.0
